2017-11-27 13:17:45 2532 [Note] Plugin 'FEDERATED' is disabled.
2017-11-27 13:17:45 2532 [Note] InnoDB: The InnoDB memory heap is disabled
2017-11-27 13:17:45 2532 [Note] InnoDB: Mutexes and rw_locks use Windows interlocked functions
2017-11-27 13:17:45 2532 [Note] InnoDB: Compressed tables use zlib 1.2.3
2017-11-27 13:17:45 2532 [Note] InnoDB: Not using CPU crc32 instructions
2017-11-27 13:17:45 2532 [Note] InnoDB: Initializing buffer pool, size = 128.0M
2017-11-27 13:17:45 2532 [Note] InnoDB: Completed initialization of buffer pool
2017-11-27 13:17:45 2532 [Note] InnoDB: Highest supported file format is Barracuda.
2017-11-27 13:17:45 2532 [Note] InnoDB: The log sequence numbers 1626134 and 1626134 in ibdata files do not match the log sequence number 2091120 in the ib_logfiles!
2017-11-27 13:17:45 2532 [Note] InnoDB: Database was not shutdown normally!
2017-11-27 13:17:45 2532 [Note] InnoDB: Starting crash recovery.
2017-11-27 13:17:45 2532 [Note] InnoDB: Reading tablespace information from the .ibd files...
2017-11-27 13:17:45 2532 [Note] InnoDB: Restoring possible half-written data pages 
2017-11-27 13:17:45 2532 [Note] InnoDB: from the doublewrite buffer...
2017-11-27 13:17:45 2532 [Note] InnoDB: 128 rollback segment(s) are active.
2017-11-27 13:17:45 2532 [Note] InnoDB: Waiting for purge to start
2017-11-27 13:17:45 2532 [Note] InnoDB: 5.6.13 started; log sequence number 2091120
2017-11-27 13:17:45 2532 [Note] Server hostname (bind-address): '*'; port: 3307
2017-11-27 13:17:45 2532 [Note] IPv6 is available.
2017-11-27 13:17:45 2532 [Note]   - '::' resolves to '::';
2017-11-27 13:17:45 2532 [Note] Server socket created on IP: '::'.
2017-12-04 10:13:17 892 [Note] Plugin 'FEDERATED' is disabled.
2017-12-04 10:13:17 892 [Note] InnoDB: The InnoDB memory heap is disabled
2017-12-04 10:13:17 892 [Note] InnoDB: Mutexes and rw_locks use Windows interlocked functions
2017-12-04 10:13:17 892 [Note] InnoDB: Compressed tables use zlib 1.2.3
2017-12-04 10:13:17 892 [Note] InnoDB: Not using CPU crc32 instructions
2017-12-04 10:13:17 892 [Note] InnoDB: Initializing buffer pool, size = 128.0M
2017-12-04 10:13:17 892 [Note] InnoDB: Completed initialization of buffer pool
2017-12-04 10:13:17 892 [Note] InnoDB: Highest supported file format is Barracuda.
2017-12-04 10:13:17 892 [Note] InnoDB: The log sequence numbers 1626134 and 1626134 in ibdata files do not match the log sequence number 2117769 in the ib_logfiles!
2017-12-04 10:13:17 892 [Note] InnoDB: Database was not shutdown normally!
2017-12-04 10:13:17 892 [Note] InnoDB: Starting crash recovery.
2017-12-04 10:13:17 892 [Note] InnoDB: Reading tablespace information from the .ibd files...
2017-12-04 10:13:17 892 [Note] InnoDB: Restoring possible half-written data pages 
2017-12-04 10:13:17 892 [Note] InnoDB: from the doublewrite buffer...
2017-12-04 10:13:18 892 [Note] InnoDB: 128 rollback segment(s) are active.
2017-12-04 10:13:18 892 [Note] InnoDB: Waiting for purge to start
2017-12-04 10:13:18 892 [Note] InnoDB: 5.6.13 started; log sequence number 2117769
2017-12-04 10:13:18 892 [Note] Server hostname (bind-address): '*'; port: 3307
2017-12-04 10:13:18 892 [Note] IPv6 is available.
2017-12-04 10:13:18 892 [Note]   - '::' resolves to '::';
2017-12-04 10:13:18 892 [Note] Server socket created on IP: '::'.
2017-12-04 11:30:05 11800 [Note] Plugin 'FEDERATED' is disabled.
2017-12-04 11:30:05 11800 [Note] InnoDB: The InnoDB memory heap is disabled
2017-12-04 11:30:05 11800 [Note] InnoDB: Mutexes and rw_locks use Windows interlocked functions
2017-12-04 11:30:05 11800 [Note] InnoDB: Compressed tables use zlib 1.2.3
2017-12-04 11:30:05 11800 [Note] InnoDB: Not using CPU crc32 instructions
2017-12-04 11:30:05 11800 [Note] InnoDB: Initializing buffer pool, size = 128.0M
2017-12-04 11:30:05 11800 [Note] InnoDB: Completed initialization of buffer pool
2017-12-04 11:30:05 11800 [Note] InnoDB: Highest supported file format is Barracuda.
2017-12-04 11:30:05 11800 [Note] InnoDB: The log sequence numbers 1626134 and 1626134 in ibdata files do not match the log sequence number 2135149 in the ib_logfiles!
2017-12-04 11:30:05 11800 [Note] InnoDB: Database was not shutdown normally!
2017-12-04 11:30:05 11800 [Note] InnoDB: Starting crash recovery.
2017-12-04 11:30:05 11800 [Note] InnoDB: Reading tablespace information from the .ibd files...
2017-12-04 11:30:05 11800 [Note] InnoDB: Restoring possible half-written data pages 
2017-12-04 11:30:05 11800 [Note] InnoDB: from the doublewrite buffer...
2017-12-04 11:30:05 11800 [Note] InnoDB: 128 rollback segment(s) are active.
2017-12-04 11:30:05 11800 [Note] InnoDB: Waiting for purge to start
2017-12-04 11:30:05 11800 [Note] InnoDB: 5.6.13 started; log sequence number 2135149
2017-12-04 11:30:05 11800 [Note] Server hostname (bind-address): '*'; port: 3307
2017-12-04 11:30:05 11800 [Note] IPv6 is available.
2017-12-04 11:30:05 11800 [Note]   - '::' resolves to '::';
2017-12-04 11:30:05 11800 [Note] Server socket created on IP: '::'.
