::1 - - [04/Dec/2017:09:12:02 +0100] "GET /Zitate/ HTTP/1.1" 200 2674
::1 - - [04/Dec/2017:09:12:02 +0100] "GET /Zitate/files/data.php HTTP/1.1" 200 131
::1 - - [04/Dec/2017:09:12:02 +0100] "GET /Zitate/files/data.php?countQuote HTTP/1.1" 200 22
::1 - - [04/Dec/2017:09:12:02 +0100] "GET /Zitate/files/data.php?countAutors HTTP/1.1" 200 45
::1 - - [04/Dec/2017:09:12:07 +0100] "GET /Zitate/files/data.php?countAutors HTTP/1.1" 200 45
::1 - - [04/Dec/2017:09:12:07 +0100] "GET /Zitate/files/data.php HTTP/1.1" 200 133
::1 - - [04/Dec/2017:09:12:07 +0100] "GET /Zitate/files/data.php?countQuote HTTP/1.1" 200 22
::1 - - [04/Dec/2017:09:12:12 +0100] "GET /Zitate/files/data.php?countAutors HTTP/1.1" 200 45
::1 - - [04/Dec/2017:09:12:12 +0100] "GET /Zitate/files/data.php?countQuote HTTP/1.1" 200 22
::1 - - [04/Dec/2017:09:12:12 +0100] "GET /Zitate/files/data.php HTTP/1.1" 200 131
::1 - - [04/Dec/2017:09:12:17 +0100] "GET /Zitate/files/data.php?countQuote HTTP/1.1" 200 22
::1 - - [04/Dec/2017:09:12:17 +0100] "GET /Zitate/files/data.php HTTP/1.1" 200 131
::1 - - [04/Dec/2017:09:12:17 +0100] "GET /Zitate/files/data.php?countAutors HTTP/1.1" 200 45
::1 - - [04/Dec/2017:09:12:22 +0100] "GET /Zitate/files/data.php HTTP/1.1" 200 131
::1 - - [04/Dec/2017:09:12:22 +0100] "GET /Zitate/files/data.php?countAutors HTTP/1.1" 200 45
::1 - - [04/Dec/2017:09:12:22 +0100] "GET /Zitate/files/data.php?countQuote HTTP/1.1" 200 22
::1 - - [04/Dec/2017:09:12:27 +0100] "GET /Zitate/files/data.php?countQuote HTTP/1.1" 200 22
::1 - - [04/Dec/2017:09:12:27 +0100] "GET /Zitate/files/data.php HTTP/1.1" 200 137
::1 - - [04/Dec/2017:09:12:27 +0100] "GET /Zitate/files/data.php?countAutors HTTP/1.1" 200 45
::1 - - [04/Dec/2017:09:12:32 +0100] "GET /Zitate/files/data.php HTTP/1.1" 200 133
::1 - - [04/Dec/2017:09:12:32 +0100] "GET /Zitate/files/data.php?countAutors HTTP/1.1" 200 45
::1 - - [04/Dec/2017:09:12:32 +0100] "GET /Zitate/files/data.php?countQuote HTTP/1.1" 200 22
::1 - - [04/Dec/2017:09:12:37 +0100] "GET /Zitate/files/data.php?countQuote HTTP/1.1" 200 22
::1 - - [04/Dec/2017:09:12:37 +0100] "GET /Zitate/files/data.php HTTP/1.1" 200 133
::1 - - [04/Dec/2017:09:12:37 +0100] "GET /Zitate/files/data.php?countAutors HTTP/1.1" 200 45
::1 - - [04/Dec/2017:09:12:42 +0100] "GET /Zitate/files/data.php HTTP/1.1" 200 131
::1 - - [04/Dec/2017:09:12:42 +0100] "GET /Zitate/files/data.php?countAutors HTTP/1.1" 200 45
::1 - - [04/Dec/2017:09:12:42 +0100] "GET /Zitate/files/data.php?countQuote HTTP/1.1" 200 22
::1 - - [04/Dec/2017:09:12:47 +0100] "GET /Zitate/files/data.php?countQuote HTTP/1.1" 200 22
::1 - - [04/Dec/2017:09:12:47 +0100] "GET /Zitate/files/data.php HTTP/1.1" 200 131
::1 - - [04/Dec/2017:09:12:47 +0100] "GET /Zitate/files/data.php?countAutors HTTP/1.1" 200 45
::1 - - [04/Dec/2017:09:12:52 +0100] "GET /Zitate/files/data.php HTTP/1.1" 200 133
::1 - - [04/Dec/2017:09:12:52 +0100] "GET /Zitate/files/data.php?countAutors HTTP/1.1" 200 45
::1 - - [04/Dec/2017:09:12:52 +0100] "GET /Zitate/files/data.php?countQuote HTTP/1.1" 200 22
::1 - - [04/Dec/2017:09:12:57 +0100] "GET /Zitate/files/data.php?countQuote HTTP/1.1" 200 22
::1 - - [04/Dec/2017:09:12:57 +0100] "GET /Zitate/files/data.php?countAutors HTTP/1.1" 200 45
::1 - - [04/Dec/2017:09:12:57 +0100] "GET /Zitate/files/data.php HTTP/1.1" 200 133
::1 - - [04/Dec/2017:09:13:00 +0100] "GET /Zitate/ HTTP/1.1" 200 2674
::1 - - [04/Dec/2017:09:13:00 +0100] "GET /Zitate/files/data.php?countAutors HTTP/1.1" 200 45
::1 - - [04/Dec/2017:09:13:00 +0100] "GET /Zitate/files/data.php?countQuote HTTP/1.1" 200 22
::1 - - [04/Dec/2017:09:13:00 +0100] "GET /Zitate/files/data.php HTTP/1.1" 200 131
::1 - - [04/Dec/2017:09:13:02 +0100] "GET /Zitate/ HTTP/1.1" 200 2674
::1 - - [04/Dec/2017:09:13:02 +0100] "GET /Zitate/files/data.php?countAutors HTTP/1.1" 200 45
::1 - - [04/Dec/2017:09:13:02 +0100] "GET /Zitate/files/data.php HTTP/1.1" 200 131
::1 - - [04/Dec/2017:09:13:02 +0100] "GET /Zitate/files/data.php?countQuote HTTP/1.1" 200 22
::1 - - [04/Dec/2017:09:13:03 +0100] "GET /Zitate/ HTTP/1.1" 200 2674
::1 - - [04/Dec/2017:09:13:03 +0100] "GET /Zitate/files/data.php?countQuote HTTP/1.1" 200 22
::1 - - [04/Dec/2017:09:13:03 +0100] "GET /Zitate/files/data.php?countAutors HTTP/1.1" 200 45
::1 - - [04/Dec/2017:09:13:03 +0100] "GET /Zitate/files/data.php HTTP/1.1" 200 133
::1 - - [04/Dec/2017:09:13:03 +0100] "GET /Zitate/ HTTP/1.1" 200 2674
::1 - - [04/Dec/2017:09:13:03 +0100] "GET /Zitate/files/data.php?countQuote HTTP/1.1" 200 22
::1 - - [04/Dec/2017:09:13:03 +0100] "GET /Zitate/files/data.php?countAutors HTTP/1.1" 200 45
::1 - - [04/Dec/2017:09:13:03 +0100] "GET /Zitate/files/data.php HTTP/1.1" 200 133
::1 - - [04/Dec/2017:09:13:03 +0100] "GET /Zitate/ HTTP/1.1" 200 2674
::1 - - [04/Dec/2017:09:13:03 +0100] "GET /Zitate/files/data.php HTTP/1.1" 200 131
::1 - - [04/Dec/2017:09:13:03 +0100] "GET /Zitate/files/data.php?countAutors HTTP/1.1" 200 45
::1 - - [04/Dec/2017:09:13:03 +0100] "GET /Zitate/files/data.php?countQuote HTTP/1.1" 200 22
::1 - - [04/Dec/2017:09:13:03 +0100] "GET /Zitate/ HTTP/1.1" 200 2674
::1 - - [04/Dec/2017:09:13:03 +0100] "GET /Zitate/files/data.php HTTP/1.1" 200 137
::1 - - [04/Dec/2017:09:13:03 +0100] "GET /Zitate/files/data.php?countAutors HTTP/1.1" 200 45
::1 - - [04/Dec/2017:09:13:03 +0100] "GET /Zitate/files/data.php?countQuote HTTP/1.1" 200 22
::1 - - [04/Dec/2017:09:13:03 +0100] "GET /Zitate/ HTTP/1.1" 200 2674
::1 - - [04/Dec/2017:09:13:03 +0100] "GET /Zitate/files/data.php HTTP/1.1" 200 137
::1 - - [04/Dec/2017:09:13:03 +0100] "GET /Zitate/files/data.php?countAutors HTTP/1.1" 200 45
::1 - - [04/Dec/2017:09:13:03 +0100] "GET /Zitate/files/data.php?countQuote HTTP/1.1" 200 22
::1 - - [04/Dec/2017:09:13:04 +0100] "GET /Zitate/ HTTP/1.1" 200 2674
::1 - - [04/Dec/2017:09:13:04 +0100] "GET /Zitate/files/data.php HTTP/1.1" 200 137
::1 - - [04/Dec/2017:09:13:04 +0100] "GET /Zitate/files/data.php?countQuote HTTP/1.1" 200 22
::1 - - [04/Dec/2017:09:13:04 +0100] "GET /Zitate/files/data.php?countAutors HTTP/1.1" 200 45
::1 - - [04/Dec/2017:09:13:04 +0100] "GET /Zitate/ HTTP/1.1" 200 2674
::1 - - [04/Dec/2017:09:13:04 +0100] "GET /Zitate/files/data.php HTTP/1.1" 200 137
::1 - - [04/Dec/2017:09:13:04 +0100] "GET /Zitate/files/data.php?countAutors HTTP/1.1" 200 45
::1 - - [04/Dec/2017:09:13:04 +0100] "GET /Zitate/files/data.php?countQuote HTTP/1.1" 200 22
::1 - - [04/Dec/2017:09:13:04 +0100] "GET /Zitate/ HTTP/1.1" 200 2674
::1 - - [04/Dec/2017:09:13:04 +0100] "GET /Zitate/files/data.php?countQuote HTTP/1.1" 200 22
::1 - - [04/Dec/2017:09:13:04 +0100] "GET /Zitate/files/data.php HTTP/1.1" 200 133
::1 - - [04/Dec/2017:09:13:04 +0100] "GET /Zitate/files/data.php?countAutors HTTP/1.1" 200 45
::1 - - [04/Dec/2017:09:13:04 +0100] "GET /Zitate/ HTTP/1.1" 200 2674
::1 - - [04/Dec/2017:09:13:04 +0100] "GET /Zitate/files/data.php?countQuote HTTP/1.1" 200 22
::1 - - [04/Dec/2017:09:13:04 +0100] "GET /Zitate/files/data.php HTTP/1.1" 200 137
::1 - - [04/Dec/2017:09:13:04 +0100] "GET /Zitate/files/data.php?countAutors HTTP/1.1" 200 45
::1 - - [04/Dec/2017:09:13:05 +0100] "GET /Zitate/ HTTP/1.1" 200 2674
::1 - - [04/Dec/2017:09:13:05 +0100] "GET /Zitate/files/data.php?countQuote HTTP/1.1" 200 22
::1 - - [04/Dec/2017:09:13:05 +0100] "GET /Zitate/files/data.php HTTP/1.1" 200 131
::1 - - [04/Dec/2017:09:13:05 +0100] "GET /Zitate/files/data.php?countAutors HTTP/1.1" 200 45
::1 - - [04/Dec/2017:09:13:06 +0100] "GET /Zitate/ HTTP/1.1" 200 2674
::1 - - [04/Dec/2017:09:13:06 +0100] "GET /Zitate/files/data.php HTTP/1.1" 200 137
::1 - - [04/Dec/2017:09:13:06 +0100] "GET /Zitate/files/data.php?countQuote HTTP/1.1" 200 22
::1 - - [04/Dec/2017:09:13:06 +0100] "GET /Zitate/files/data.php?countAutors HTTP/1.1" 200 45
::1 - - [04/Dec/2017:09:13:06 +0100] "GET /Zitate/ HTTP/1.1" 200 2674
::1 - - [04/Dec/2017:09:13:06 +0100] "GET /Zitate/files/data.php?countQuote HTTP/1.1" 200 22
::1 - - [04/Dec/2017:09:13:06 +0100] "GET /Zitate/files/data.php HTTP/1.1" 200 131
::1 - - [04/Dec/2017:09:13:06 +0100] "GET /Zitate/files/data.php?countAutors HTTP/1.1" 200 45
::1 - - [04/Dec/2017:09:13:08 +0100] "GET /Zitate/ HTTP/1.1" 200 2674
::1 - - [04/Dec/2017:09:13:09 +0100] "GET /Zitate/files/data.php?countQuote HTTP/1.1" 200 22
::1 - - [04/Dec/2017:09:13:09 +0100] "GET /Zitate/files/data.php HTTP/1.1" 200 131
::1 - - [04/Dec/2017:09:13:09 +0100] "GET /Zitate/files/data.php?countAutors HTTP/1.1" 200 45
::1 - - [04/Dec/2017:09:13:09 +0100] "GET /Zitate/ HTTP/1.1" 200 2674
::1 - - [04/Dec/2017:09:13:09 +0100] "GET /Zitate/files/data.php HTTP/1.1" 200 137
::1 - - [04/Dec/2017:09:13:09 +0100] "GET /Zitate/files/data.php?countQuote HTTP/1.1" 200 22
::1 - - [04/Dec/2017:09:13:09 +0100] "GET /Zitate/files/data.php?countAutors HTTP/1.1" 200 45
::1 - - [04/Dec/2017:09:13:10 +0100] "GET /Zitate/ HTTP/1.1" 200 2674
::1 - - [04/Dec/2017:09:13:10 +0100] "GET /Zitate/files/data.php?countAutors HTTP/1.1" 200 45
::1 - - [04/Dec/2017:09:13:10 +0100] "GET /Zitate/files/data.php?countQuote HTTP/1.1" 200 22
::1 - - [04/Dec/2017:09:13:10 +0100] "GET /Zitate/files/data.php HTTP/1.1" 200 133
::1 - - [04/Dec/2017:09:13:10 +0100] "GET /Zitate/ HTTP/1.1" 200 2674
::1 - - [04/Dec/2017:09:13:10 +0100] "GET /Zitate/files/data.php?countQuote HTTP/1.1" 200 22
::1 - - [04/Dec/2017:09:13:10 +0100] "GET /Zitate/files/data.php HTTP/1.1" 200 137
::1 - - [04/Dec/2017:09:13:10 +0100] "GET /Zitate/files/data.php?countAutors HTTP/1.1" 200 45
::1 - - [04/Dec/2017:09:13:15 +0100] "GET /Zitate/files/data.php HTTP/1.1" 200 131
::1 - - [04/Dec/2017:09:13:15 +0100] "GET /Zitate/files/data.php?countQuote HTTP/1.1" 200 22
::1 - - [04/Dec/2017:09:13:15 +0100] "GET /Zitate/files/data.php?countAutors HTTP/1.1" 200 45
::1 - - [04/Dec/2017:09:13:20 +0100] "GET /Zitate/files/data.php HTTP/1.1" 200 137
::1 - - [04/Dec/2017:09:13:20 +0100] "GET /Zitate/files/data.php?countQuote HTTP/1.1" 200 22
::1 - - [04/Dec/2017:09:13:20 +0100] "GET /Zitate/files/data.php?countAutors HTTP/1.1" 200 45
::1 - - [04/Dec/2017:09:13:25 +0100] "GET /Zitate/files/data.php HTTP/1.1" 200 133
::1 - - [04/Dec/2017:09:13:25 +0100] "GET /Zitate/files/data.php?countAutors HTTP/1.1" 200 45
::1 - - [04/Dec/2017:09:13:25 +0100] "GET /Zitate/files/data.php?countQuote HTTP/1.1" 200 22
::1 - - [04/Dec/2017:09:13:30 +0100] "GET /Zitate/files/data.php HTTP/1.1" 200 137
::1 - - [04/Dec/2017:09:13:30 +0100] "GET /Zitate/files/data.php?countQuote HTTP/1.1" 200 22
::1 - - [04/Dec/2017:09:13:30 +0100] "GET /Zitate/files/data.php?countAutors HTTP/1.1" 200 45
::1 - - [04/Dec/2017:09:13:35 +0100] "GET /Zitate/files/data.php?countQuote HTTP/1.1" 200 22
::1 - - [04/Dec/2017:09:13:35 +0100] "GET /Zitate/files/data.php HTTP/1.1" 200 137
::1 - - [04/Dec/2017:09:13:35 +0100] "GET /Zitate/files/data.php?countAutors HTTP/1.1" 200 45
::1 - - [04/Dec/2017:09:13:40 +0100] "GET /Zitate/files/data.php?countQuote HTTP/1.1" 200 22
::1 - - [04/Dec/2017:09:13:40 +0100] "GET /Zitate/files/data.php HTTP/1.1" 200 133
::1 - - [04/Dec/2017:09:13:40 +0100] "GET /Zitate/files/data.php?countAutors HTTP/1.1" 200 45
::1 - - [04/Dec/2017:09:13:45 +0100] "GET /Zitate/files/data.php?countAutors HTTP/1.1" 200 45
::1 - - [04/Dec/2017:09:13:45 +0100] "GET /Zitate/files/data.php HTTP/1.1" 200 131
::1 - - [04/Dec/2017:09:13:45 +0100] "GET /Zitate/files/data.php?countQuote HTTP/1.1" 200 22
::1 - - [04/Dec/2017:09:13:50 +0100] "GET /Zitate/files/data.php?countQuote HTTP/1.1" 200 22
::1 - - [04/Dec/2017:09:13:50 +0100] "GET /Zitate/files/data.php HTTP/1.1" 200 133
::1 - - [04/Dec/2017:09:13:50 +0100] "GET /Zitate/files/data.php?countAutors HTTP/1.1" 200 45
::1 - - [04/Dec/2017:09:13:55 +0100] "GET /Zitate/files/data.php HTTP/1.1" 200 133
::1 - - [04/Dec/2017:09:13:55 +0100] "GET /Zitate/files/data.php?countQuote HTTP/1.1" 200 22
::1 - - [04/Dec/2017:09:13:55 +0100] "GET /Zitate/files/data.php?countAutors HTTP/1.1" 200 45
::1 - - [04/Dec/2017:09:14:00 +0100] "GET /Zitate/files/data.php?countQuote HTTP/1.1" 200 22
::1 - - [04/Dec/2017:09:14:00 +0100] "GET /Zitate/files/data.php HTTP/1.1" 200 131
::1 - - [04/Dec/2017:09:14:00 +0100] "GET /Zitate/files/data.php?countAutors HTTP/1.1" 200 45
::1 - - [04/Dec/2017:09:14:05 +0100] "GET /Zitate/files/data.php HTTP/1.1" 200 131
::1 - - [04/Dec/2017:09:14:05 +0100] "GET /Zitate/files/data.php?countQuote HTTP/1.1" 200 22
::1 - - [04/Dec/2017:09:14:05 +0100] "GET /Zitate/files/data.php?countAutors HTTP/1.1" 200 45
::1 - - [04/Dec/2017:09:14:10 +0100] "GET /Zitate/files/data.php?countQuote HTTP/1.1" 200 22
::1 - - [04/Dec/2017:09:14:10 +0100] "GET /Zitate/files/data.php HTTP/1.1" 200 137
::1 - - [04/Dec/2017:09:14:10 +0100] "GET /Zitate/files/data.php?countAutors HTTP/1.1" 200 45
::1 - - [04/Dec/2017:09:14:15 +0100] "GET /Zitate/files/data.php?countQuote HTTP/1.1" 200 22
::1 - - [04/Dec/2017:09:14:15 +0100] "GET /Zitate/files/data.php HTTP/1.1" 200 137
::1 - - [04/Dec/2017:09:14:15 +0100] "GET /Zitate/files/data.php?countAutors HTTP/1.1" 200 45
::1 - - [04/Dec/2017:09:14:20 +0100] "GET /Zitate/files/data.php HTTP/1.1" 200 137
::1 - - [04/Dec/2017:09:14:20 +0100] "GET /Zitate/files/data.php?countQuote HTTP/1.1" 200 22
::1 - - [04/Dec/2017:09:14:20 +0100] "GET /Zitate/files/data.php?countAutors HTTP/1.1" 200 45
::1 - - [04/Dec/2017:09:14:23 +0100] "GET /Zitate/ HTTP/1.1" 200 1958
::1 - - [04/Dec/2017:09:14:23 +0100] "GET /Zitate/files/data.php?countAutors HTTP/1.1" 200 45
::1 - - [04/Dec/2017:09:14:23 +0100] "GET /Zitate/files/data.php HTTP/1.1" 200 137
::1 - - [04/Dec/2017:09:14:23 +0100] "GET /Zitate/files/data.php?countQuote HTTP/1.1" 200 22
::1 - - [04/Dec/2017:09:14:28 +0100] "GET /Zitate/files/data.php HTTP/1.1" 200 137
::1 - - [04/Dec/2017:09:14:28 +0100] "GET /Zitate/files/data.php?countQuote HTTP/1.1" 200 22
::1 - - [04/Dec/2017:09:14:28 +0100] "GET /Zitate/files/data.php?countAutors HTTP/1.1" 200 45
::1 - - [04/Dec/2017:09:14:33 +0100] "GET /Zitate/files/data.php?countQuote HTTP/1.1" 200 22
::1 - - [04/Dec/2017:09:14:33 +0100] "GET /Zitate/files/data.php?countAutors HTTP/1.1" 200 45
::1 - - [04/Dec/2017:09:14:33 +0100] "GET /Zitate/files/data.php HTTP/1.1" 200 131
::1 - - [04/Dec/2017:09:14:34 +0100] "GET /Zitate/ HTTP/1.1" 200 2674
::1 - - [04/Dec/2017:09:14:34 +0100] "GET /Zitate/files/data.php HTTP/1.1" 200 137
::1 - - [04/Dec/2017:09:14:34 +0100] "GET /Zitate/files/data.php?countAutors HTTP/1.1" 200 45
::1 - - [04/Dec/2017:09:14:34 +0100] "GET /Zitate/files/data.php?countQuote HTTP/1.1" 200 22
::1 - - [04/Dec/2017:09:14:39 +0100] "GET /Zitate/files/data.php HTTP/1.1" 200 133
::1 - - [04/Dec/2017:09:14:39 +0100] "GET /Zitate/files/data.php?countAutors HTTP/1.1" 200 45
::1 - - [04/Dec/2017:09:14:39 +0100] "GET /Zitate/files/data.php?countQuote HTTP/1.1" 200 22
::1 - - [04/Dec/2017:09:14:44 +0100] "GET /Zitate/files/data.php?countQuote HTTP/1.1" 200 22
::1 - - [04/Dec/2017:09:14:44 +0100] "GET /Zitate/files/data.php?countAutors HTTP/1.1" 200 45
::1 - - [04/Dec/2017:09:14:44 +0100] "GET /Zitate/files/data.php HTTP/1.1" 200 137
::1 - - [04/Dec/2017:09:14:49 +0100] "GET /Zitate/files/data.php?countQuote HTTP/1.1" 200 22
::1 - - [04/Dec/2017:09:14:49 +0100] "GET /Zitate/files/data.php HTTP/1.1" 200 133
::1 - - [04/Dec/2017:09:14:49 +0100] "GET /Zitate/files/data.php?countAutors HTTP/1.1" 200 45
::1 - - [04/Dec/2017:09:14:54 +0100] "GET /Zitate/files/data.php HTTP/1.1" 200 133
::1 - - [04/Dec/2017:09:14:54 +0100] "GET /Zitate/files/data.php?countQuote HTTP/1.1" 200 22
::1 - - [04/Dec/2017:09:14:54 +0100] "GET /Zitate/files/data.php?countAutors HTTP/1.1" 200 45
::1 - - [04/Dec/2017:09:14:59 +0100] "GET /Zitate/files/data.php HTTP/1.1" 200 133
::1 - - [04/Dec/2017:09:14:59 +0100] "GET /Zitate/files/data.php?countAutors HTTP/1.1" 200 45
::1 - - [04/Dec/2017:09:14:59 +0100] "GET /Zitate/files/data.php?countQuote HTTP/1.1" 200 22
::1 - - [04/Dec/2017:09:15:04 +0100] "GET /Zitate/files/data.php?countQuote HTTP/1.1" 200 22
::1 - - [04/Dec/2017:09:15:04 +0100] "GET /Zitate/files/data.php?countAutors HTTP/1.1" 200 45
::1 - - [04/Dec/2017:09:15:04 +0100] "GET /Zitate/files/data.php HTTP/1.1" 200 131
::1 - - [04/Dec/2017:09:15:09 +0100] "GET /Zitate/files/data.php HTTP/1.1" 200 133
::1 - - [04/Dec/2017:09:15:09 +0100] "GET /Zitate/files/data.php?countAutors HTTP/1.1" 200 45
::1 - - [04/Dec/2017:09:15:09 +0100] "GET /Zitate/files/data.php?countQuote HTTP/1.1" 200 22
::1 - - [04/Dec/2017:09:15:10 +0100] "GET /Zitate/ HTTP/1.1" 200 2674
::1 - - [04/Dec/2017:09:15:10 +0100] "GET /Zitate/files/data.php?countAutors HTTP/1.1" 200 45
::1 - - [04/Dec/2017:09:15:10 +0100] "GET /Zitate/files/data.php HTTP/1.1" 200 131
::1 - - [04/Dec/2017:09:15:10 +0100] "GET /Zitate/files/data.php?countQuote HTTP/1.1" 200 22
::1 - - [04/Dec/2017:09:15:15 +0100] "GET /Zitate/files/data.php?countQuote HTTP/1.1" 200 22
::1 - - [04/Dec/2017:09:15:15 +0100] "GET /Zitate/files/data.php?countAutors HTTP/1.1" 200 45
::1 - - [04/Dec/2017:09:15:15 +0100] "GET /Zitate/files/data.php HTTP/1.1" 200 133
::1 - - [04/Dec/2017:09:15:20 +0100] "GET /Zitate/files/data.php?countAutors HTTP/1.1" 200 45
::1 - - [04/Dec/2017:09:15:20 +0100] "GET /Zitate/files/data.php?countQuote HTTP/1.1" 200 22
::1 - - [04/Dec/2017:09:15:20 +0100] "GET /Zitate/files/data.php HTTP/1.1" 200 131
::1 - - [04/Dec/2017:09:15:25 +0100] "GET /Zitate/files/data.php?countQuote HTTP/1.1" 200 22
::1 - - [04/Dec/2017:09:15:25 +0100] "GET /Zitate/files/data.php HTTP/1.1" 200 133
::1 - - [04/Dec/2017:09:15:25 +0100] "GET /Zitate/files/data.php?countAutors HTTP/1.1" 200 45
::1 - - [04/Dec/2017:09:15:30 +0100] "GET /Zitate/files/data.php HTTP/1.1" 200 133
::1 - - [04/Dec/2017:09:15:30 +0100] "GET /Zitate/files/data.php?countAutors HTTP/1.1" 200 45
::1 - - [04/Dec/2017:09:15:30 +0100] "GET /Zitate/files/data.php?countQuote HTTP/1.1" 200 22
::1 - - [04/Dec/2017:09:15:35 +0100] "GET /Zitate/files/data.php HTTP/1.1" 200 137
::1 - - [04/Dec/2017:09:15:35 +0100] "GET /Zitate/files/data.php?countQuote HTTP/1.1" 200 22
::1 - - [04/Dec/2017:09:15:35 +0100] "GET /Zitate/files/data.php?countAutors HTTP/1.1" 200 45
::1 - - [04/Dec/2017:09:15:40 +0100] "GET /Zitate/files/data.php HTTP/1.1" 200 133
::1 - - [04/Dec/2017:09:15:40 +0100] "GET /Zitate/files/data.php?countQuote HTTP/1.1" 200 22
::1 - - [04/Dec/2017:09:15:40 +0100] "GET /Zitate/files/data.php?countAutors HTTP/1.1" 200 45
::1 - - [04/Dec/2017:09:15:45 +0100] "GET /Zitate/files/data.php?countQuote HTTP/1.1" 200 22
::1 - - [04/Dec/2017:09:15:45 +0100] "GET /Zitate/files/data.php HTTP/1.1" 200 137
::1 - - [04/Dec/2017:09:15:45 +0100] "GET /Zitate/files/data.php?countAutors HTTP/1.1" 200 45
::1 - - [04/Dec/2017:09:15:50 +0100] "GET /Zitate/files/data.php?countQuote HTTP/1.1" 200 22
::1 - - [04/Dec/2017:09:15:50 +0100] "GET /Zitate/files/data.php HTTP/1.1" 200 133
::1 - - [04/Dec/2017:09:15:50 +0100] "GET /Zitate/files/data.php?countAutors HTTP/1.1" 200 45
::1 - - [04/Dec/2017:09:15:55 +0100] "GET /Zitate/files/data.php?countQuote HTTP/1.1" 200 22
::1 - - [04/Dec/2017:09:15:55 +0100] "GET /Zitate/files/data.php HTTP/1.1" 200 133
::1 - - [04/Dec/2017:09:15:55 +0100] "GET /Zitate/files/data.php?countAutors HTTP/1.1" 200 45
::1 - - [04/Dec/2017:09:16:00 +0100] "GET /Zitate/files/data.php?countQuote HTTP/1.1" 200 22
::1 - - [04/Dec/2017:09:16:00 +0100] "GET /Zitate/files/data.php HTTP/1.1" 200 133
::1 - - [04/Dec/2017:09:16:00 +0100] "GET /Zitate/files/data.php?countAutors HTTP/1.1" 200 45
::1 - - [04/Dec/2017:09:16:05 +0100] "GET /Zitate/files/data.php HTTP/1.1" 200 131
::1 - - [04/Dec/2017:09:16:05 +0100] "GET /Zitate/files/data.php?countAutors HTTP/1.1" 200 45
::1 - - [04/Dec/2017:09:16:05 +0100] "GET /Zitate/files/data.php?countQuote HTTP/1.1" 200 22
::1 - - [04/Dec/2017:09:16:07 +0100] "GET /Zitate/files/login.php HTTP/1.1" 200 1329
::1 - - [04/Dec/2017:09:16:11 +0100] "POST /Zitate/files/login.php HTTP/1.1" 302 1329
::1 - - [04/Dec/2017:09:16:11 +0100] "GET /Zitate/files/liste.php HTTP/1.1" 200 4288
::1 - - [04/Dec/2017:09:16:11 +0100] "GET /Zitate/files/data.php?all=1 HTTP/1.1" 200 399
::1 - - [04/Dec/2017:09:16:13 +0100] "GET /Zitate/files/login.php HTTP/1.1" 200 1329
::1 - - [04/Dec/2017:09:17:56 +0100] "GET /Zitate/files/login.php HTTP/1.1" 200 897
::1 - - [04/Dec/2017:09:17:56 +0100] "GET /Zitate/css/login.css HTTP/1.1" 304 -
::1 - - [04/Dec/2017:09:17:57 +0100] "GET /Zitate/FrontendStyle/Background/sky1.jpg HTTP/1.1" 404 238
::1 - - [04/Dec/2017:09:17:59 +0100] "GET /Zitate/index.php HTTP/1.1" 200 2674
::1 - - [04/Dec/2017:09:17:59 +0100] "GET /Zitate/files/data.php HTTP/1.1" 200 131
::1 - - [04/Dec/2017:09:17:59 +0100] "GET /Zitate/files/data.php?countQuote HTTP/1.1" 200 22
::1 - - [04/Dec/2017:09:17:59 +0100] "GET /Zitate/files/data.php?countAutors HTTP/1.1" 200 45
::1 - - [04/Dec/2017:09:18:03 +0100] "GET /Zitate/files/login.php HTTP/1.1" 200 897
::1 - - [04/Dec/2017:09:18:03 +0100] "GET /Zitate/FrontendStyle/Background/sky1.jpg HTTP/1.1" 404 238
::1 - - [04/Dec/2017:09:18:07 +0100] "POST /Zitate/files/login.php HTTP/1.1" 302 897
::1 - - [04/Dec/2017:09:18:07 +0100] "GET /Zitate/files/liste.php HTTP/1.1" 200 4288
::1 - - [04/Dec/2017:09:18:07 +0100] "GET /Zitate/files/data.php?all=1 HTTP/1.1" 200 399
::1 - - [04/Dec/2017:09:20:14 +0100] "GET /Zitate/files/liste.php HTTP/1.1" 200 1768
::1 - - [04/Dec/2017:09:20:14 +0100] "GET /Zitate/css/liste.css HTTP/1.1" 404 218
::1 - - [04/Dec/2017:09:20:14 +0100] "GET /Zitate/files/data.php?all=1 HTTP/1.1" 200 399
::1 - - [04/Dec/2017:09:20:29 +0100] "GET /Zitate/files/liste.php HTTP/1.1" 200 1768
::1 - - [04/Dec/2017:09:20:29 +0100] "GET /Zitate/css/liste.css HTTP/1.1" 200 2302
::1 - - [04/Dec/2017:09:20:29 +0100] "GET /Zitate/files/data.php?all=1 HTTP/1.1" 200 399
::1 - - [04/Dec/2017:09:20:36 +0100] "POST /Zitate/files/liste.php HTTP/1.1" 200 1768
::1 - - [04/Dec/2017:09:20:36 +0100] "GET /Zitate/files/data.php?all=1 HTTP/1.1" 200 537
::1 - - [04/Dec/2017:09:20:38 +0100] "POST /Zitate/files/liste.php HTTP/1.1" 200 1768
::1 - - [04/Dec/2017:09:20:38 +0100] "GET /Zitate/files/data.php?all=1 HTTP/1.1" 200 399
::1 - - [04/Dec/2017:09:20:41 +0100] "GET /Zitate/files/logout.php HTTP/1.1" 302 -
::1 - - [04/Dec/2017:09:20:41 +0100] "GET /Zitate/files/login.php HTTP/1.1" 200 897
::1 - - [04/Dec/2017:09:20:41 +0100] "GET /Zitate/FrontendStyle/Background/sky1.jpg HTTP/1.1" 404 238
::1 - - [04/Dec/2017:09:20:42 +0100] "GET /Zitate/index.php HTTP/1.1" 200 2674
::1 - - [04/Dec/2017:09:20:42 +0100] "GET /Zitate/files/data.php HTTP/1.1" 200 137
::1 - - [04/Dec/2017:09:20:42 +0100] "GET /Zitate/files/data.php?countQuote HTTP/1.1" 200 22
::1 - - [04/Dec/2017:09:20:42 +0100] "GET /Zitate/files/data.php?countAutors HTTP/1.1" 200 45
::1 - - [04/Dec/2017:09:20:47 +0100] "GET /Zitate/files/data.php HTTP/1.1" 200 131
::1 - - [04/Dec/2017:09:20:47 +0100] "GET /Zitate/files/data.php?countAutors HTTP/1.1" 200 45
::1 - - [04/Dec/2017:09:20:47 +0100] "GET /Zitate/files/data.php?countQuote HTTP/1.1" 200 22
::1 - - [04/Dec/2017:09:20:52 +0100] "GET /Zitate/files/data.php?countQuote HTTP/1.1" 200 22
::1 - - [04/Dec/2017:09:20:52 +0100] "GET /Zitate/files/data.php HTTP/1.1" 200 137
::1 - - [04/Dec/2017:09:20:52 +0100] "GET /Zitate/files/data.php?countAutors HTTP/1.1" 200 45
::1 - - [04/Dec/2017:09:20:57 +0100] "GET /Zitate/files/data.php?countQuote HTTP/1.1" 200 22
::1 - - [04/Dec/2017:09:20:57 +0100] "GET /Zitate/files/data.php HTTP/1.1" 200 131
::1 - - [04/Dec/2017:09:20:57 +0100] "GET /Zitate/files/data.php?countAutors HTTP/1.1" 200 45
::1 - - [04/Dec/2017:09:21:02 +0100] "GET /Zitate/files/data.php?countQuote HTTP/1.1" 200 22
::1 - - [04/Dec/2017:09:21:02 +0100] "GET /Zitate/files/data.php HTTP/1.1" 200 131
::1 - - [04/Dec/2017:09:21:02 +0100] "GET /Zitate/files/data.php?countAutors HTTP/1.1" 200 45
::1 - - [04/Dec/2017:09:21:07 +0100] "GET /Zitate/files/data.php?countQuote HTTP/1.1" 200 22
::1 - - [04/Dec/2017:09:21:07 +0100] "GET /Zitate/files/data.php HTTP/1.1" 200 133
::1 - - [04/Dec/2017:09:21:07 +0100] "GET /Zitate/files/data.php?countAutors HTTP/1.1" 200 45
::1 - - [04/Dec/2017:09:21:12 +0100] "GET /Zitate/files/data.php?countQuote HTTP/1.1" 200 22
::1 - - [04/Dec/2017:09:21:12 +0100] "GET /Zitate/files/data.php?countAutors HTTP/1.1" 200 45
::1 - - [04/Dec/2017:09:21:12 +0100] "GET /Zitate/files/data.php HTTP/1.1" 200 137
::1 - - [04/Dec/2017:09:21:17 +0100] "GET /Zitate/files/data.php?countQuote HTTP/1.1" 200 22
::1 - - [04/Dec/2017:09:21:17 +0100] "GET /Zitate/files/data.php HTTP/1.1" 200 133
::1 - - [04/Dec/2017:09:21:17 +0100] "GET /Zitate/files/data.php?countAutors HTTP/1.1" 200 45
::1 - - [04/Dec/2017:09:21:22 +0100] "GET /Zitate/files/data.php?countQuote HTTP/1.1" 200 22
::1 - - [04/Dec/2017:09:21:22 +0100] "GET /Zitate/files/data.php?countAutors HTTP/1.1" 200 45
::1 - - [04/Dec/2017:09:21:22 +0100] "GET /Zitate/files/data.php HTTP/1.1" 200 131
::1 - - [04/Dec/2017:09:21:27 +0100] "GET /Zitate/files/data.php HTTP/1.1" 200 133
::1 - - [04/Dec/2017:09:21:27 +0100] "GET /Zitate/files/data.php?countAutors HTTP/1.1" 200 45
::1 - - [04/Dec/2017:09:21:27 +0100] "GET /Zitate/files/data.php?countQuote HTTP/1.1" 200 22
::1 - - [04/Dec/2017:09:21:32 +0100] "GET /Zitate/files/data.php?countQuote HTTP/1.1" 200 22
::1 - - [04/Dec/2017:09:21:32 +0100] "GET /Zitate/files/data.php HTTP/1.1" 200 133
::1 - - [04/Dec/2017:09:21:32 +0100] "GET /Zitate/files/data.php?countAutors HTTP/1.1" 200 45
::1 - - [04/Dec/2017:09:21:37 +0100] "GET /Zitate/files/data.php HTTP/1.1" 200 131
::1 - - [04/Dec/2017:09:21:37 +0100] "GET /Zitate/files/data.php?countQuote HTTP/1.1" 200 22
::1 - - [04/Dec/2017:09:21:37 +0100] "GET /Zitate/files/data.php?countAutors HTTP/1.1" 200 45
::1 - - [04/Dec/2017:09:21:42 +0100] "GET /Zitate/files/data.php?countQuote HTTP/1.1" 200 22
::1 - - [04/Dec/2017:09:21:42 +0100] "GET /Zitate/files/data.php HTTP/1.1" 200 133
::1 - - [04/Dec/2017:09:21:42 +0100] "GET /Zitate/files/data.php?countAutors HTTP/1.1" 200 45
::1 - - [04/Dec/2017:09:21:47 +0100] "GET /Zitate/files/data.php?countQuote HTTP/1.1" 200 22
::1 - - [04/Dec/2017:09:21:47 +0100] "GET /Zitate/files/data.php HTTP/1.1" 200 131
::1 - - [04/Dec/2017:09:21:47 +0100] "GET /Zitate/files/data.php?countAutors HTTP/1.1" 200 45
::1 - - [04/Dec/2017:09:21:49 +0100] "GET /Zitate/index.php HTTP/1.1" 200 2674
::1 - - [04/Dec/2017:09:21:49 +0100] "GET /Zitate/files/data.php?countAutors HTTP/1.1" 200 45
::1 - - [04/Dec/2017:09:21:49 +0100] "GET /Zitate/files/data.php HTTP/1.1" 200 133
::1 - - [04/Dec/2017:09:21:49 +0100] "GET /Zitate/files/data.php?countQuote HTTP/1.1" 200 22
::1 - - [04/Dec/2017:09:21:50 +0100] "GET /Zitate/index.php HTTP/1.1" 200 2674
::1 - - [04/Dec/2017:09:21:50 +0100] "GET /Zitate/files/data.php?countAutors HTTP/1.1" 200 45
::1 - - [04/Dec/2017:09:21:50 +0100] "GET /Zitate/files/data.php HTTP/1.1" 200 133
::1 - - [04/Dec/2017:09:21:50 +0100] "GET /Zitate/files/data.php?countQuote HTTP/1.1" 200 22
::1 - - [04/Dec/2017:09:21:50 +0100] "GET /Zitate/index.php HTTP/1.1" 200 2674
::1 - - [04/Dec/2017:09:21:50 +0100] "GET /Zitate/files/data.php?countQuote HTTP/1.1" 200 22
::1 - - [04/Dec/2017:09:21:50 +0100] "GET /Zitate/files/data.php HTTP/1.1" 200 137
::1 - - [04/Dec/2017:09:21:50 +0100] "GET /Zitate/files/data.php?countAutors HTTP/1.1" 200 45
::1 - - [04/Dec/2017:09:21:51 +0100] "GET /Zitate/index.php HTTP/1.1" 200 2674
::1 - - [04/Dec/2017:09:21:51 +0100] "GET /Zitate/files/data.php?countAutors HTTP/1.1" 200 45
::1 - - [04/Dec/2017:09:21:51 +0100] "GET /Zitate/files/data.php HTTP/1.1" 200 137
::1 - - [04/Dec/2017:09:21:51 +0100] "GET /Zitate/files/data.php?countQuote HTTP/1.1" 200 22
::1 - - [04/Dec/2017:09:21:51 +0100] "GET /Zitate/index.php HTTP/1.1" 200 2674
::1 - - [04/Dec/2017:09:21:51 +0100] "GET /Zitate/files/data.php HTTP/1.1" 200 133
::1 - - [04/Dec/2017:09:21:51 +0100] "GET /Zitate/files/data.php?countQuote HTTP/1.1" 200 22
::1 - - [04/Dec/2017:09:21:51 +0100] "GET /Zitate/files/data.php?countAutors HTTP/1.1" 200 45
::1 - - [04/Dec/2017:09:21:51 +0100] "GET /Zitate/index.php HTTP/1.1" 200 2674
::1 - - [04/Dec/2017:09:21:51 +0100] "GET /Zitate/files/data.php HTTP/1.1" 200 137
::1 - - [04/Dec/2017:09:21:51 +0100] "GET /Zitate/files/data.php?countQuote HTTP/1.1" 200 22
::1 - - [04/Dec/2017:09:21:51 +0100] "GET /Zitate/files/data.php?countAutors HTTP/1.1" 200 45
::1 - - [04/Dec/2017:09:21:51 +0100] "GET /Zitate/index.php HTTP/1.1" 200 2674
::1 - - [04/Dec/2017:09:21:51 +0100] "GET /Zitate/files/data.php HTTP/1.1" 200 137
::1 - - [04/Dec/2017:09:21:51 +0100] "GET /Zitate/files/data.php?countQuote HTTP/1.1" 200 22
::1 - - [04/Dec/2017:09:21:51 +0100] "GET /Zitate/files/data.php?countAutors HTTP/1.1" 200 45
::1 - - [04/Dec/2017:09:21:51 +0100] "GET /Zitate/index.php HTTP/1.1" 200 2674
::1 - - [04/Dec/2017:09:21:51 +0100] "GET /Zitate/files/data.php HTTP/1.1" 200 133
::1 - - [04/Dec/2017:09:21:51 +0100] "GET /Zitate/files/data.php?countQuote HTTP/1.1" 200 22
::1 - - [04/Dec/2017:09:21:51 +0100] "GET /Zitate/files/data.php?countAutors HTTP/1.1" 200 45
::1 - - [04/Dec/2017:09:21:52 +0100] "GET /Zitate/index.php HTTP/1.1" 200 2674
::1 - - [04/Dec/2017:09:21:52 +0100] "GET /Zitate/files/data.php HTTP/1.1" 200 133
::1 - - [04/Dec/2017:09:21:52 +0100] "GET /Zitate/files/data.php?countQuote HTTP/1.1" 200 22
::1 - - [04/Dec/2017:09:21:52 +0100] "GET /Zitate/files/data.php?countAutors HTTP/1.1" 200 45
::1 - - [04/Dec/2017:09:21:57 +0100] "GET /Zitate/files/data.php?countQuote HTTP/1.1" 200 22
::1 - - [04/Dec/2017:09:21:57 +0100] "GET /Zitate/files/data.php HTTP/1.1" 200 133
::1 - - [04/Dec/2017:09:21:57 +0100] "GET /Zitate/files/data.php?countAutors HTTP/1.1" 200 45
::1 - - [04/Dec/2017:09:22:02 +0100] "GET /Zitate/files/data.php?countQuote HTTP/1.1" 200 22
::1 - - [04/Dec/2017:09:22:02 +0100] "GET /Zitate/files/data.php HTTP/1.1" 200 137
::1 - - [04/Dec/2017:09:22:02 +0100] "GET /Zitate/files/data.php?countAutors HTTP/1.1" 200 45
::1 - - [04/Dec/2017:09:22:07 +0100] "GET /Zitate/files/data.php?countQuote HTTP/1.1" 200 22
::1 - - [04/Dec/2017:09:22:07 +0100] "GET /Zitate/files/data.php HTTP/1.1" 200 131
::1 - - [04/Dec/2017:09:22:07 +0100] "GET /Zitate/files/data.php?countAutors HTTP/1.1" 200 45
::1 - - [04/Dec/2017:09:22:12 +0100] "GET /Zitate/files/data.php?countQuote HTTP/1.1" 200 22
::1 - - [04/Dec/2017:09:22:12 +0100] "GET /Zitate/files/data.php?countAutors HTTP/1.1" 200 45
::1 - - [04/Dec/2017:09:22:12 +0100] "GET /Zitate/files/data.php HTTP/1.1" 200 131
::1 - - [04/Dec/2017:09:22:17 +0100] "GET /Zitate/files/data.php?countAutors HTTP/1.1" 200 45
::1 - - [04/Dec/2017:09:22:17 +0100] "GET /Zitate/files/data.php?countQuote HTTP/1.1" 200 22
::1 - - [04/Dec/2017:09:22:17 +0100] "GET /Zitate/files/data.php HTTP/1.1" 200 131
::1 - - [04/Dec/2017:09:22:22 +0100] "GET /Zitate/files/data.php HTTP/1.1" 200 137
::1 - - [04/Dec/2017:09:22:22 +0100] "GET /Zitate/files/data.php?countQuote HTTP/1.1" 200 22
::1 - - [04/Dec/2017:09:22:22 +0100] "GET /Zitate/files/data.php?countAutors HTTP/1.1" 200 45
::1 - - [04/Dec/2017:09:22:27 +0100] "GET /Zitate/files/data.php HTTP/1.1" 200 131
::1 - - [04/Dec/2017:09:22:27 +0100] "GET /Zitate/files/data.php?countQuote HTTP/1.1" 200 22
::1 - - [04/Dec/2017:09:22:27 +0100] "GET /Zitate/files/data.php?countAutors HTTP/1.1" 200 45
::1 - - [04/Dec/2017:09:22:32 +0100] "GET /Zitate/files/data.php?countQuote HTTP/1.1" 200 22
::1 - - [04/Dec/2017:09:22:32 +0100] "GET /Zitate/files/data.php HTTP/1.1" 200 131
::1 - - [04/Dec/2017:09:22:32 +0100] "GET /Zitate/files/data.php?countAutors HTTP/1.1" 200 45
::1 - - [04/Dec/2017:09:22:37 +0100] "GET /Zitate/files/data.php?countAutors HTTP/1.1" 200 45
::1 - - [04/Dec/2017:09:22:37 +0100] "GET /Zitate/files/data.php HTTP/1.1" 200 131
::1 - - [04/Dec/2017:09:22:37 +0100] "GET /Zitate/files/data.php?countQuote HTTP/1.1" 200 22
::1 - - [04/Dec/2017:09:22:42 +0100] "GET /Zitate/files/data.php?countAutors HTTP/1.1" 200 45
::1 - - [04/Dec/2017:09:22:42 +0100] "GET /Zitate/files/data.php?countQuote HTTP/1.1" 200 22
::1 - - [04/Dec/2017:09:22:42 +0100] "GET /Zitate/files/data.php HTTP/1.1" 200 133
::1 - - [04/Dec/2017:09:22:47 +0100] "GET /Zitate/files/data.php?countQuote HTTP/1.1" 200 22
::1 - - [04/Dec/2017:09:22:47 +0100] "GET /Zitate/files/data.php HTTP/1.1" 200 137
::1 - - [04/Dec/2017:09:22:47 +0100] "GET /Zitate/files/data.php?countAutors HTTP/1.1" 200 45
::1 - - [04/Dec/2017:09:22:52 +0100] "GET /Zitate/files/data.php?countQuote HTTP/1.1" 200 22
::1 - - [04/Dec/2017:09:22:52 +0100] "GET /Zitate/files/data.php HTTP/1.1" 200 137
::1 - - [04/Dec/2017:09:22:52 +0100] "GET /Zitate/files/data.php?countAutors HTTP/1.1" 200 45
::1 - - [04/Dec/2017:09:22:57 +0100] "GET /Zitate/files/data.php?countQuote HTTP/1.1" 200 22
::1 - - [04/Dec/2017:09:22:57 +0100] "GET /Zitate/files/data.php HTTP/1.1" 200 133
::1 - - [04/Dec/2017:09:22:57 +0100] "GET /Zitate/files/data.php?countAutors HTTP/1.1" 200 45
::1 - - [04/Dec/2017:09:23:02 +0100] "GET /Zitate/files/data.php?countQuote HTTP/1.1" 200 22
::1 - - [04/Dec/2017:09:23:02 +0100] "GET /Zitate/files/data.php HTTP/1.1" 200 133
::1 - - [04/Dec/2017:09:23:02 +0100] "GET /Zitate/files/data.php?countAutors HTTP/1.1" 200 45
